d:\apples_game_xyz\apples_game_xyz\x64\debug\vc143.pdb
d:\apples_game_xyz\apples_game_xyz\x64\debug\vc143.idb
d:\apples_game_xyz\apples_game_xyz\x64\debug\user_interface.obj
d:\apples_game_xyz\apples_game_xyz\x64\debug\game_main.obj
d:\apples_game_xyz\apples_game_xyz\x64\debug\game.obj
d:\apples_game_xyz\apples_game_xyz\x64\debug\tree.obj
d:\apples_game_xyz\apples_game_xyz\x64\debug\math.obj
d:\apples_game_xyz\apples_game_xyz\x64\debug\player.obj
d:\apples_game_xyz\apples_game_xyz\x64\debug\apple.obj
d:\apples_game_xyz\x64\debug\apples_game_xyz.exe
d:\apples_game_xyz\x64\debug\apples_game_xyz.pdb
d:\apples_game_xyz\apples_game_xyz\x64\debug\apples_game_xyz.ilk
d:\apples_game_xyz\apples_game_xyz\x64\debug\apples_game_xyz.tlog\cl.command.1.tlog
d:\apples_game_xyz\apples_game_xyz\x64\debug\apples_game_xyz.tlog\cl.items.tlog
d:\apples_game_xyz\apples_game_xyz\x64\debug\apples_game_xyz.tlog\cl.read.1.tlog
d:\apples_game_xyz\apples_game_xyz\x64\debug\apples_game_xyz.tlog\cl.write.1.tlog
d:\apples_game_xyz\apples_game_xyz\x64\debug\apples_game_xyz.tlog\link.command.1.tlog
d:\apples_game_xyz\apples_game_xyz\x64\debug\apples_game_xyz.tlog\link.read.1.tlog
d:\apples_game_xyz\apples_game_xyz\x64\debug\apples_game_xyz.tlog\link.secondary.1.tlog
d:\apples_game_xyz\apples_game_xyz\x64\debug\apples_game_xyz.tlog\link.write.1.tlog
